1       1       1
1       2       2
1       3       3
1       4       4
1       5       5
1       6       6
1       16      7
1       17      8
1       18      9
1       19      10
1       20      11
1       22      12
1       23      13
1       32      14
1       33      15
1       34      16
1       36      17
1       37      18
1       48      19
1       49      20
1       51      21
1       52      22
1       53      23
1       54      24
1       64      25
1       65      26
1       67      27
1       68      28
1       69      29
1       70      30
1       71      31
1       80      32
1       81      33
1       82      34
1       83      35
1       85      36
1       86      37
1       96      38
1       97      39
1       98      40
1       99      41
1       101     42
1       102     43
1       103     44
1       112     45
1       114     46
1       115     47
1       116     48
1       117     49
1       118     50
1       127     51
1       129     52
1       130     53
1       131     54
1       133     55
1       134     56
1       143     57
1       144     58
1       146     59
1       147     60
1       148     61
1       149     62
1       151     63
1       159     64
1       161     65
1       162     66
1       163     67
1       165     68
1       166     69
1       175     70
1       176     71
1       177     72
1       179     73
1       180     74
1       181     75
1       183     76
1       189     77
1       191     78
1       192     79
1       193     80
1       194     81
1       203     82
1       204     83
1       206     84
1       207     85
1       208     86
1       210     87
1       219     88
1       221     89
1       222     90
1       223     91
1       224     92
1       226     93
1       227     94
1       236     95
1       237     96
1       239     97
1       240     98
1       241     99
1       243     100
0       8       1
0       10      2
0       11      3
0       12      4
0       13      5
0       15      6
0       24      7
0       25      8
0       27      9
0       28      10
0       29      11
0       30      12
0       38      13
0       40      14
0       41      15
0       42      16
0       43      17
0       45      18
0       46      19
0       47      20
0       56      21
0       57      22
0       58      23
0       59      24
0       61      25
0       62      26
0       72      27
0       73      28
0       74      29
0       75      30
0       77      31
0       78      32
0       87      33
0       88      34
0       89      35
0       91      36
0       92      37
0       93      38
0       94      39
0       104     40
0       105     41
0       106     42
0       108     43
0       109     44
0       110     45
0       119     46
0       121     47
0       122     48
0       123     49
0       125     50
0       126     51
0       135     52
0       136     53
0       138     54
0       139     55
0       140     56
0       141     57
0       143     58
0       152     59
0       153     60
0       154     61
0       156     62
0       157     63
0       158     64
0       168     65
0       169     66
0       170     67
0       172     68
0       173     69
0       174     70
0       183     71
0       185     72
0       186     73
0       187     74
0       195     75
0       196     76
0       197     77
0       199     78
0       200     79
0       201     80
0       202     81
0       212     82
0       213     83
0       214     84
0       216     85
0       217     86
0       218     87
0       219     88
0       228     89
0       229     90
0       231     91
0       232     92
0       233     93
0       234     94
0       243     95
0       244     96
0       245     97
0       247     98
0       248     99
0       249     100