0       7       1
0       9       2
0       10      3
0       11      4
0       13      5
0       14      6
0       15      7
0       16      8
0       17      9
0       19      10
0       20      11
0       21      12
0       22      13
0       23      14
0       25      15
0       30      16
0       31      17
0       32      18
0       33      19
0       34      20
0       35      21
0       37      22
0       38      23
0       39      24
0       40      25
0       46      26
0       47      27
0       48      28
0       49      29
0       51      30
0       52      31
0       53      32
0       55      33
0       56      34
0       57      35
0       62      36
0       64      37
0       65      38
0       66      39
0       67      40
0       69      41
0       70      42
0       71      43
0       72      44
0       74      45
0       75      46
0       76      47
0       77      48
0       82      49
0       83      50
0       84      51
0       86      52
0       87      53
0       88      54
0       90      55
0       91      56
0       92      57
0       93      58
0       99      59
0       100     60
0       101     61
0       107     62
0       108     63
0       110     64
0       111     65
0       112     66
0       113     67
0       114     68
0       115     69
0       117     70
0       118     71
0       119     72
0       120     73
0       122     74
0       127     75
0       128     76
0       129     77
0       131     78
0       132     79
0       133     80
0       135     81
0       136     82
0       137     83
0       142     84
0       143     85
0       144     86
0       146     87
0       147     88
0       148     89
0       150     90
0       151     91
0       152     92
0       153     93
0       159     94
0       160     95
0       161     96
0       162     97
0       164     98
0       165     99
0       166     100
1       1       1
1       2       2
1       3       3
1       4       4
1       6       5
1       27      6
1       28      7
1       29      8
1       42      9
1       43      10
1       45      11
1       59      12
1       60      13
1       61      14
1       79      15
1       80      16
1       81      17
1       95      18
1       96      19
1       98      20
1       102     21
1       103     22
1       104     23
1       106     24
1       123     25
1       124     26
1       125     27
1       138     28
1       139     29
1       140     30
1       154     31
1       156     32
1       157     33
1       158     34
1       182     35
1       183     36
1       184     37
1       185     38
1       186     39
1       187     40
1       188     41
1       189     42
1       191     43
1       192     44
1       193     45
1       194     46
1       195     47
1       197     48
1       198     49
1       199     50
1       201     51
1       202     52
1       203     53
1       204     54
1       206     55
1       207     56
1       208     57
1       209     58
1       210     59
1       212     60
1       213     61
1       214     62
1       216     63
1       217     64
1       218     65
1       219     66
1       220     67
1       222     68
1       223     69
1       224     70
1       225     71
1       227     72
1       228     73
1       229     74
1       231     75
1       232     76
1       233     77
1       234     78
1       235     79
1       236     80
1       238     81
1       239     82
1       240     83
1       241     84
1       242     85
1       244     86
1       245     87
1       246     88
1       247     89
1       249     90
1       250     91
1       251     92
1       252     93
1       253     94
1       254     95
1       255     96
1       256     97
1       257     98
1       259     99
1       260     100